[2012-08-16 07:12:02] birthday.INFO: > PUT /users/3 [] []
[2012-08-16 07:12:02] birthday.INFO: Update User with id 3 [] []
[2012-08-16 07:12:02] birthday.INFO: < 200 [] []
[2012-08-16 07:33:14] birthday.INFO: > GET /activities [] []
[2012-08-16 07:33:14] birthday.ERROR: Variable "activity" does not exist in "activities.html.twig" at line 9 [] []
[2012-08-16 07:33:14] birthday.INFO: < 500 [] []
[2012-08-16 07:34:07] birthday.INFO: > GET /activities [] []
[2012-08-16 07:34:07] birthday.INFO: < 200 [] []
[2012-08-16 07:49:52] birthday.INFO: > GET /activities [] []
[2012-08-16 07:49:52] birthday.INFO: < 200 [] []
[2012-08-16 07:54:11] birthday.INFO: > GET /activities [] []
[2012-08-16 07:54:11] birthday.INFO: < 200 [] []
[2012-08-16 07:54:15] birthday.INFO: > GET /activities [] []
[2012-08-16 07:54:15] birthday.INFO: < 200 [] []
[2012-08-16 14:02:02] birthday.INFO: > GET / [] []
[2012-08-16 14:02:03] birthday.INFO: < 200 [] []
[2012-08-16 14:02:10] birthday.INFO: > GET /activities [] []
[2012-08-16 14:02:53] birthday.INFO: > GET /activities [] []
[2012-08-16 14:02:53] birthday.INFO: < 200 [] []
[2012-08-16 14:03:14] birthday.INFO: > GET /activities [] []
[2012-08-16 14:03:14] birthday.INFO: < 200 [] []
[2012-08-16 14:03:43] birthday.INFO: > GET /activities [] []
[2012-08-16 14:03:43] birthday.INFO: < 200 [] []
[2012-08-16 14:03:57] birthday.INFO: > GET /activities [] []
[2012-08-16 14:03:57] birthday.INFO: < 200 [] []
[2012-08-16 14:04:25] birthday.INFO: > GET /activities [] []
[2012-08-16 14:04:26] birthday.INFO: < 200 [] []
[2012-08-16 14:04:41] birthday.INFO: > GET /activities [] []
[2012-08-16 14:04:41] birthday.INFO: < 200 [] []
[2012-08-16 14:04:55] birthday.INFO: > GET /activities [] []
[2012-08-16 14:04:55] birthday.INFO: < 200 [] []
[2012-08-16 14:10:21] birthday.INFO: > GET /activities [] []
[2012-08-16 14:10:21] birthday.INFO: < 200 [] []
[2012-08-16 14:10:46] birthday.INFO: > GET /activities [] []
[2012-08-16 14:10:46] birthday.INFO: < 200 [] []
[2012-08-16 14:11:36] birthday.INFO: > GET /activities [] []
[2012-08-16 14:11:36] birthday.INFO: < 200 [] []
[2012-08-16 14:12:32] birthday.INFO: > GET /activities [] []
[2012-08-16 14:12:32] birthday.INFO: < 200 [] []
[2012-08-16 14:13:18] birthday.INFO: > GET /activities [] []
[2012-08-16 14:13:18] birthday.INFO: < 200 [] []
[2012-08-16 14:16:52] birthday.INFO: > GET /activities [] []
[2012-08-16 14:16:52] birthday.INFO: < 200 [] []
[2012-08-16 14:17:41] birthday.INFO: > GET /activities [] []
[2012-08-16 14:17:41] birthday.INFO: < 200 [] []
[2012-08-16 14:18:27] birthday.INFO: > GET /activities [] []
[2012-08-16 14:18:27] birthday.INFO: < 200 [] []
[2012-08-16 14:18:50] birthday.INFO: > GET /activities [] []
[2012-08-16 14:18:50] birthday.INFO: < 200 [] []
[2012-08-16 14:21:09] birthday.INFO: > GET /activities [] []
[2012-08-16 14:21:09] birthday.INFO: < 200 [] []
[2012-08-16 14:21:33] birthday.INFO: > GET /activities [] []
[2012-08-16 14:21:33] birthday.INFO: < 200 [] []
[2012-08-16 14:29:26] birthday.INFO: > GET /activities [] []
[2012-08-16 14:29:26] birthday.INFO: < 200 [] []
[2012-08-16 14:31:13] birthday.INFO: > GET /activities [] []
[2012-08-16 14:31:13] birthday.INFO: < 200 [] []
